2017-06-19 11:59:21.560  INFO 16092 --- [main] com.zz.AdminApplication                  : Starting AdminApplication on zhengzhuo with PID 16092 (F:\myself\admin\target\classes started by X-man in F:\myself\admin)
2017-06-19 11:59:21.562  INFO 16092 --- [main] com.zz.AdminApplication                  : No active profile set, falling back to default profiles: default
2017-06-19 11:59:21.639  INFO 16092 --- [main] ationConfigEmbeddedWebApplicationContext : Refreshing org.springframework.boot.context.embedded.AnnotationConfigEmbeddedWebApplicationContext@5b8dfcc1: startup date [Mon Jun 19 11:59:21 CST 2017]; root of context hierarchy
2017-06-19 11:59:22.615  INFO 16092 --- [main] o.s.i.config.IntegrationRegistrar        : No bean named 'integrationHeaderChannelRegistry' has been explicitly defined. Therefore, a default DefaultHeaderChannelRegistry will be created.
2017-06-19 11:59:22.891  INFO 16092 --- [main] faultConfiguringBeanFactoryPostProcessor : No bean named 'errorChannel' has been explicitly defined. Therefore, a default PublishSubscribeChannel will be created.
2017-06-19 11:59:22.899  INFO 16092 --- [main] faultConfiguringBeanFactoryPostProcessor : No bean named 'taskScheduler' has been explicitly defined. Therefore, a default ThreadPoolTaskScheduler will be created.
2017-06-19 11:59:22.914  INFO 16092 --- [main] f.a.AutowiredAnnotationBeanPostProcessor : JSR-330 'javax.inject.Inject' annotation found and supported for autowiring
2017-06-19 11:59:23.045  INFO 16092 --- [main] trationDelegate$BeanPostProcessorChecker : Bean 'shiroConfiguration' of type [com.zz.config.shiro.ShiroConfiguration$$EnhancerBySpringCGLIB$$88cc7b17] is not eligible for getting processed by all BeanPostProcessors (for example: not eligible for auto-proxying)
2017-06-19 11:59:23.064  INFO 16092 --- [main] trationDelegate$BeanPostProcessorChecker : Bean 'org.springframework.transaction.annotation.ProxyTransactionManagementConfiguration' of type [org.springframework.transaction.annotation.ProxyTransactionManagementConfiguration$$EnhancerBySpringCGLIB$$b744f45] is not eligible for getting processed by all BeanPostProcessors (for example: not eligible for auto-proxying)
2017-06-19 11:59:23.147  INFO 16092 --- [main] trationDelegate$BeanPostProcessorChecker : Bean 'captchaServiceImpl' of type [com.zz.service.system.impl.CaptchaServiceImpl] is not eligible for getting processed by all BeanPostProcessors (for example: not eligible for auto-proxying)
2017-06-19 11:59:23.157  WARN 16092 --- [main] cn.shengyuan.tools.util.ReflectionUtil   : BaseDaoImpl's superclass not ParameterizedType
2017-06-19 11:59:23.172  INFO 16092 --- [main] trationDelegate$BeanPostProcessorChecker : Bean 'currencyMethod' of type [com.zz.config.template.method.CurrencyMethod] is not eligible for getting processed by all BeanPostProcessors (for example: not eligible for auto-proxying)
2017-06-19 11:59:23.174  INFO 16092 --- [main] trationDelegate$BeanPostProcessorChecker : Bean 'messageMethod' of type [com.zz.config.template.method.MessageMethod] is not eligible for getting processed by all BeanPostProcessors (for example: not eligible for auto-proxying)
2017-06-19 11:59:23.180  INFO 16092 --- [main] trationDelegate$BeanPostProcessorChecker : Bean 'flashMessageDirective' of type [com.zz.config.template.directive.FlashMessageDirective] is not eligible for getting processed by all BeanPostProcessors (for example: not eligible for auto-proxying)
2017-06-19 11:59:23.182  INFO 16092 --- [main] trationDelegate$BeanPostProcessorChecker : Bean 'paginationDirective' of type [com.zz.config.template.directive.PaginationDirective] is not eligible for getting processed by all BeanPostProcessors (for example: not eligible for auto-proxying)
2017-06-19 11:59:23.184  INFO 16092 --- [main] trationDelegate$BeanPostProcessorChecker : Bean 'applicationContext' of type [com.zz.config.context.ApplicationContext$$EnhancerBySpringCGLIB$$3bdba313] is not eligible for getting processed by all BeanPostProcessors (for example: not eligible for auto-proxying)
2017-06-19 11:59:23.658  INFO 16092 --- [main] com.alibaba.druid.pool.DruidDataSource   : {dataSource-1} inited
2017-06-19 11:59:23.658  INFO 16092 --- [main] trationDelegate$BeanPostProcessorChecker : Bean 'druidDataSource' of type [com.alibaba.druid.pool.DruidDataSource] is not eligible for getting processed by all BeanPostProcessors (for example: not eligible for auto-proxying)
2017-06-19 11:59:23.667  INFO 16092 --- [main] trationDelegate$BeanPostProcessorChecker : Bean 'org.springframework.boot.autoconfigure.jdbc.DataSourceAutoConfiguration' of type [org.springframework.boot.autoconfigure.jdbc.DataSourceAutoConfiguration$$EnhancerBySpringCGLIB$$ed67f2a5] is not eligible for getting processed by all BeanPostProcessors (for example: not eligible for auto-proxying)
2017-06-19 11:59:23.695  INFO 16092 --- [main] trationDelegate$BeanPostProcessorChecker : Bean 'spring.datasource-org.springframework.boot.autoconfigure.jdbc.DataSourceProperties' of type [org.springframework.boot.autoconfigure.jdbc.DataSourceProperties] is not eligible for getting processed by all BeanPostProcessors (for example: not eligible for auto-proxying)
2017-06-19 11:59:23.712  INFO 16092 --- [main] trationDelegate$BeanPostProcessorChecker : Bean 'dataSourceInitializer' of type [org.springframework.boot.autoconfigure.jdbc.DataSourceInitializer] is not eligible for getting processed by all BeanPostProcessors (for example: not eligible for auto-proxying)
2017-06-19 11:59:23.725  INFO 16092 --- [main] trationDelegate$BeanPostProcessorChecker : Bean 'namedParameterJdbcTemplate' of type [org.springframework.jdbc.core.namedparam.NamedParameterJdbcTemplate] is not eligible for getting processed by all BeanPostProcessors (for example: not eligible for auto-proxying)
2017-06-19 11:59:23.735  INFO 16092 --- [main] trationDelegate$BeanPostProcessorChecker : Bean 'simpleJdbcCall' of type [org.springframework.jdbc.core.simple.SimpleJdbcCall] is not eligible for getting processed by all BeanPostProcessors (for example: not eligible for auto-proxying)
2017-06-19 11:59:23.739  INFO 16092 --- [main] trationDelegate$BeanPostProcessorChecker : Bean 'mySQLDialect' of type [com.zz.model.basic.dao.dialect.MySQLDialect] is not eligible for getting processed by all BeanPostProcessors (for example: not eligible for auto-proxying)
2017-06-19 11:59:23.739  INFO 16092 --- [main] trationDelegate$BeanPostProcessorChecker : Bean 'springJDBCTemplate' of type [com.zz.model.basic.dao.jdbc.impl.SpringJDBCTemplateImpl] is not eligible for getting processed by all BeanPostProcessors (for example: not eligible for auto-proxying)
2017-06-19 11:59:23.743  INFO 16092 --- [main] trationDelegate$BeanPostProcessorChecker : Bean 'baseDao' of type [com.zz.model.basic.dao.base.impl.BaseDaoImpl] is not eligible for getting processed by all BeanPostProcessors (for example: not eligible for auto-proxying)
2017-06-19 11:59:23.779  INFO 16092 --- [main] trationDelegate$BeanPostProcessorChecker : Bean 'adminDaoImpl' of type [com.zz.dao.admin.impl.AdminDaoImpl] is not eligible for getting processed by all BeanPostProcessors (for example: not eligible for auto-proxying)
2017-06-19 11:59:23.796  INFO 16092 --- [main] trationDelegate$BeanPostProcessorChecker : Bean 'adminRoleDaoImpl' of type [com.zz.dao.admin.impl.AdminRoleDaoImpl] is not eligible for getting processed by all BeanPostProcessors (for example: not eligible for auto-proxying)
2017-06-19 11:59:23.808  INFO 16092 --- [main] trationDelegate$BeanPostProcessorChecker : Bean 'adminServiceImpl' of type [com.zz.service.system.impl.AdminServiceImpl] is not eligible for getting processed by all BeanPostProcessors (for example: not eligible for auto-proxying)
2017-06-19 11:59:23.825  INFO 16092 --- [main] trationDelegate$BeanPostProcessorChecker : Bean 'authenticationRealm' of type [com.zz.config.shiro.AuthenticationRealm] is not eligible for getting processed by all BeanPostProcessors (for example: not eligible for auto-proxying)
2017-06-19 11:59:23.832  INFO 16092 --- [main] trationDelegate$BeanPostProcessorChecker : Bean 'ehCacheManager' of type [org.apache.shiro.cache.ehcache.EhCacheManager] is not eligible for getting processed by all BeanPostProcessors (for example: not eligible for auto-proxying)
2017-06-19 11:59:23.944  INFO 16092 --- [main] o.a.shiro.cache.ehcache.EhCacheManager   : Cache with name 'com.zz.config.shiro.AuthenticationRealm.authorizationCache' does not yet exist.  Creating now.
2017-06-19 11:59:23.971  INFO 16092 --- [main] o.a.shiro.cache.ehcache.EhCacheManager   : Added EhCache named [com.zz.config.shiro.AuthenticationRealm.authorizationCache]
2017-06-19 11:59:23.981  INFO 16092 --- [main] trationDelegate$BeanPostProcessorChecker : Bean 'securityManager' of type [org.apache.shiro.web.mgt.DefaultWebSecurityManager] is not eligible for getting processed by all BeanPostProcessors (for example: not eligible for auto-proxying)
2017-06-19 11:59:24.005  INFO 16092 --- [main] trationDelegate$BeanPostProcessorChecker : Bean 'rsaServiceImpl' of type [com.zz.service.system.impl.RSAServiceImpl] is not eligible for getting processed by all BeanPostProcessors (for example: not eligible for auto-proxying)
2017-06-19 11:59:24.016  INFO 16092 --- [main] trationDelegate$BeanPostProcessorChecker : Bean 'authenticationFilter' of type [com.zz.config.shiro.AuthenticationFilter] is not eligible for getting processed by all BeanPostProcessors (for example: not eligible for auto-proxying)
2017-06-19 11:59:24.080  INFO 16092 --- [main] trationDelegate$BeanPostProcessorChecker : Bean 'integrationGlobalProperties' of type [org.springframework.beans.factory.config.PropertiesFactoryBean] is not eligible for getting processed by all BeanPostProcessors (for example: not eligible for auto-proxying)
2017-06-19 11:59:24.083  INFO 16092 --- [main] trationDelegate$BeanPostProcessorChecker : Bean 'integrationGlobalProperties' of type [java.util.Properties] is not eligible for getting processed by all BeanPostProcessors (for example: not eligible for auto-proxying)
2017-06-19 11:59:24.517  INFO 16092 --- [main] s.b.c.e.t.TomcatEmbeddedServletContainer : Tomcat initialized with port(s): 80 (http)
2017-06-19 11:59:24.528  INFO 16092 --- [main] o.apache.catalina.core.StandardService   : Starting service [Tomcat]
2017-06-19 11:59:24.529  INFO 16092 --- [main] org.apache.catalina.core.StandardEngine  : Starting Servlet Engine: Apache Tomcat/8.5.15
2017-06-19 11:59:24.672  INFO 16092 --- [localhost-startStop-1] o.a.c.c.C.[Tomcat].[localhost].[/]       : Initializing Spring embedded WebApplicationContext
2017-06-19 11:59:24.673  INFO 16092 --- [localhost-startStop-1] o.s.web.context.ContextLoader            : Root WebApplicationContext: initialization completed in 3037 ms
2017-06-19 11:59:24.938  INFO 16092 --- [localhost-startStop-1] o.s.b.w.servlet.ServletRegistrationBean  : Mapping servlet: 'dispatcherServlet' to [/]
2017-06-19 11:59:24.943  INFO 16092 --- [localhost-startStop-1] o.s.b.w.servlet.FilterRegistrationBean   : Mapping filter: 'characterEncodingFilter' to: [/*]
2017-06-19 11:59:24.943  INFO 16092 --- [localhost-startStop-1] o.s.b.w.servlet.FilterRegistrationBean   : Mapping filter: 'hiddenHttpMethodFilter' to: [/*]
2017-06-19 11:59:24.943  INFO 16092 --- [localhost-startStop-1] o.s.b.w.servlet.FilterRegistrationBean   : Mapping filter: 'httpPutFormContentFilter' to: [/*]
2017-06-19 11:59:24.944  INFO 16092 --- [localhost-startStop-1] o.s.b.w.servlet.FilterRegistrationBean   : Mapping filter: 'requestContextFilter' to: [/*]
2017-06-19 11:59:24.944  INFO 16092 --- [localhost-startStop-1] o.s.b.w.servlet.FilterRegistrationBean   : Mapping filter: 'shiroFilter' to: [/*]
2017-06-19 11:59:24.944  INFO 16092 --- [localhost-startStop-1] o.s.b.w.servlet.FilterRegistrationBean   : Mapping filter: 'authenticationFilter' to: [/*]
2017-06-19 11:59:25.104  INFO 16092 --- [main] o.s.w.s.v.f.FreeMarkerConfigurer         : ClassTemplateLoader for Spring macros added to FreeMarker configuration
2017-06-19 11:59:25.318  INFO 16092 --- [main] o.s.s.concurrent.ThreadPoolTaskExecutor  : Initializing ExecutorService  'threadPoolTaskExecutor'
2017-06-19 11:59:25.647  INFO 16092 --- [main] s.w.s.m.m.a.RequestMappingHandlerAdapter : Looking for @ControllerAdvice: org.springframework.boot.context.embedded.AnnotationConfigEmbeddedWebApplicationContext@5b8dfcc1: startup date [Mon Jun 19 11:59:21 CST 2017]; root of context hierarchy
2017-06-19 11:59:25.707  INFO 16092 --- [main] s.w.s.m.m.a.RequestMappingHandlerMapping : Mapped "{[/system/admin/add],methods=[GET]}" onto public java.lang.String com.zz.controller.system.AdminController.add(org.springframework.ui.ModelMap)
2017-06-19 11:59:25.709  INFO 16092 --- [main] s.w.s.m.m.a.RequestMappingHandlerMapping : Mapped "{[/system/admin/update],methods=[POST]}" onto public java.lang.String com.zz.controller.system.AdminController.update(com.zz.model.Admin,java.lang.Long[],org.springframework.web.servlet.mvc.support.RedirectAttributes)
2017-06-19 11:59:25.710  INFO 16092 --- [main] s.w.s.m.m.a.RequestMappingHandlerMapping : Mapped "{[/system/admin/delete],methods=[POST]}" onto public com.zz.model.basic.model.Message com.zz.controller.system.AdminController.delete(java.lang.Long[])
2017-06-19 11:59:25.711  INFO 16092 --- [main] s.w.s.m.m.a.RequestMappingHandlerMapping : Mapped "{[/system/admin/list],methods=[GET]}" onto public java.lang.String com.zz.controller.system.AdminController.list(com.zz.util.Pageable,org.springframework.ui.ModelMap)
2017-06-19 11:59:25.712  INFO 16092 --- [main] s.w.s.m.m.a.RequestMappingHandlerMapping : Mapped "{[/system/admin/save],methods=[POST]}" onto public java.lang.String com.zz.controller.system.AdminController.save(com.zz.model.Admin,java.lang.Long[],org.springframework.web.servlet.mvc.support.RedirectAttributes)
2017-06-19 11:59:25.712  INFO 16092 --- [main] s.w.s.m.m.a.RequestMappingHandlerMapping : Mapped "{[/system/admin/checkUsername],methods=[GET]}" onto public boolean com.zz.controller.system.AdminController.checkUsername(java.lang.String)
2017-06-19 11:59:25.712  INFO 16092 --- [main] s.w.s.m.m.a.RequestMappingHandlerMapping : Mapped "{[/system/admin/edit],methods=[GET]}" onto public java.lang.String com.zz.controller.system.AdminController.edit(java.lang.Long,org.springframework.ui.ModelMap)
2017-06-19 11:59:25.712  INFO 16092 --- [main] s.w.s.m.m.a.RequestMappingHandlerMapping : Mapped "{[/system/admin/exportImage]}" onto public void com.zz.controller.BaseController.exportImage(javax.servlet.http.HttpServletRequest,javax.servlet.http.HttpServletResponse) throws java.lang.Exception
2017-06-19 11:59:25.719  INFO 16092 --- [main] s.w.s.m.m.a.RequestMappingHandlerMapping : Mapped "{[/admin/common/index],methods=[GET]}" onto public java.lang.String com.zz.controller.system.CommonController.index(org.springframework.ui.ModelMap) throws java.io.UnsupportedEncodingException
2017-06-19 11:59:25.720  INFO 16092 --- [main] s.w.s.m.m.a.RequestMappingHandlerMapping : Mapped "{[/admin/common/main],methods=[GET]}" onto public java.lang.String com.zz.controller.system.CommonController.main()
2017-06-19 11:59:25.720  INFO 16092 --- [main] s.w.s.m.m.a.RequestMappingHandlerMapping : Mapped "{[/admin/common/error]}" onto public java.lang.String com.zz.controller.system.CommonController.error()
2017-06-19 11:59:25.720  INFO 16092 --- [main] s.w.s.m.m.a.RequestMappingHandlerMapping : Mapped "{[/admin/common/captcha],methods=[GET]}" onto public void com.zz.controller.system.CommonController.image(java.lang.String,javax.servlet.http.HttpServletRequest,javax.servlet.http.HttpServletResponse) throws java.lang.Exception
2017-06-19 11:59:25.721  INFO 16092 --- [main] s.w.s.m.m.a.RequestMappingHandlerMapping : Mapped "{[/admin/common/public_key],methods=[GET]}" onto public java.util.Map<java.lang.String, java.lang.String> com.zz.controller.system.CommonController.publicKey(javax.servlet.http.HttpServletRequest)
2017-06-19 11:59:25.721  INFO 16092 --- [main] s.w.s.m.m.a.RequestMappingHandlerMapping : Mapped "{[/admin/common/unauthorized]}" onto public java.lang.String com.zz.controller.system.CommonController.unauthorized(javax.servlet.http.HttpServletRequest,javax.servlet.http.HttpServletResponse)
2017-06-19 11:59:25.721  INFO 16092 --- [main] s.w.s.m.m.a.RequestMappingHandlerMapping : Mapped "{[/admin/common/area],methods=[GET]}" onto public java.util.Map<java.lang.Long, java.lang.String> com.zz.controller.system.CommonController.area(java.lang.Long)
2017-06-19 11:59:25.722  INFO 16092 --- [main] s.w.s.m.m.a.RequestMappingHandlerMapping : Mapped "{[/admin/common/captchaImage],methods=[GET]}" onto public java.lang.String com.zz.controller.system.CommonController.captchaImage(javax.servlet.http.HttpServletRequest,javax.servlet.http.HttpServletResponse) throws java.lang.Exception
2017-06-19 11:59:25.722  INFO 16092 --- [main] s.w.s.m.m.a.RequestMappingHandlerMapping : Mapped "{[/admin/common/resource_not_found]}" onto public java.lang.String com.zz.controller.system.CommonController.resourceNotFound()
2017-06-19 11:59:25.723  INFO 16092 --- [main] s.w.s.m.m.a.RequestMappingHandlerMapping : Mapped "{[/system/logout/logout]}" onto public java.lang.String com.zz.controller.system.LogoutController.logout(javax.servlet.http.HttpServletRequest,javax.servlet.http.HttpServletResponse)
2017-06-19 11:59:25.723  INFO 16092 --- [main] s.w.s.m.m.a.RequestMappingHandlerMapping : Mapped "{[/system/logout/exportImage]}" onto public void com.zz.controller.BaseController.exportImage(javax.servlet.http.HttpServletRequest,javax.servlet.http.HttpServletResponse) throws java.lang.Exception
2017-06-19 11:59:25.724  INFO 16092 --- [main] s.w.s.m.m.a.RequestMappingHandlerMapping : Mapped "{[/system/menu/add],methods=[GET]}" onto public java.lang.String com.zz.controller.system.MenuController.add(org.springframework.ui.ModelMap)
2017-06-19 11:59:25.724  INFO 16092 --- [main] s.w.s.m.m.a.RequestMappingHandlerMapping : Mapped "{[/system/menu/update],methods=[POST]}" onto public java.lang.String com.zz.controller.system.MenuController.update(com.zz.model.Menu,java.lang.String,java.lang.Long,java.lang.Long,org.springframework.web.servlet.mvc.support.RedirectAttributes)
2017-06-19 11:59:25.724  INFO 16092 --- [main] s.w.s.m.m.a.RequestMappingHandlerMapping : Mapped "{[/system/menu/delete],methods=[POST]}" onto public com.zz.model.basic.model.Message com.zz.controller.system.MenuController.delete(java.lang.Long,java.lang.Long)
2017-06-19 11:59:25.726  INFO 16092 --- [main] s.w.s.m.m.a.RequestMappingHandlerMapping : Mapped "{[/system/menu/list],methods=[GET]}" onto public java.lang.String com.zz.controller.system.MenuController.list(com.zz.util.Pageable,org.springframework.ui.ModelMap)
2017-06-19 11:59:25.726  INFO 16092 --- [main] s.w.s.m.m.a.RequestMappingHandlerMapping : Mapped "{[/system/menu/save],methods=[POST]}" onto public java.lang.String com.zz.controller.system.MenuController.save(com.zz.model.Menu,java.lang.String,java.lang.Long,org.springframework.web.servlet.mvc.support.RedirectAttributes)
2017-06-19 11:59:25.726  INFO 16092 --- [main] s.w.s.m.m.a.RequestMappingHandlerMapping : Mapped "{[/system/menu/zllist],methods=[GET]}" onto public java.util.Map<java.lang.String, java.lang.Object> com.zz.controller.system.MenuController.zllist(java.lang.Long)
2017-06-19 11:59:25.726  INFO 16092 --- [main] s.w.s.m.m.a.RequestMappingHandlerMapping : Mapped "{[/system/menu/edit],methods=[GET]}" onto public java.lang.String com.zz.controller.system.MenuController.edit(java.lang.Long,org.springframework.ui.ModelMap,com.zz.util.Pageable)
2017-06-19 11:59:25.726  INFO 16092 --- [main] s.w.s.m.m.a.RequestMappingHandlerMapping : Mapped "{[/system/menu/exportImage]}" onto public void com.zz.controller.BaseController.exportImage(javax.servlet.http.HttpServletRequest,javax.servlet.http.HttpServletResponse) throws java.lang.Exception
2017-06-19 11:59:25.728  INFO 16092 --- [main] s.w.s.m.m.a.RequestMappingHandlerMapping : Mapped "{[/system/menuValue/add],methods=[GET]}" onto public java.lang.String com.zz.controller.system.MenuValueController.add(org.springframework.ui.ModelMap)
2017-06-19 11:59:25.728  INFO 16092 --- [main] s.w.s.m.m.a.RequestMappingHandlerMapping : Mapped "{[/system/menuValue/update],methods=[POST]}" onto public java.lang.String com.zz.controller.system.MenuValueController.update(com.zz.model.MenuValue,org.springframework.web.servlet.mvc.support.RedirectAttributes)
2017-06-19 11:59:25.728  INFO 16092 --- [main] s.w.s.m.m.a.RequestMappingHandlerMapping : Mapped "{[/system/menuValue/checkName],methods=[GET]}" onto public boolean com.zz.controller.system.MenuValueController.checkName(java.lang.Long,java.lang.String)
2017-06-19 11:59:25.728  INFO 16092 --- [main] s.w.s.m.m.a.RequestMappingHandlerMapping : Mapped "{[/system/menuValue/delete],methods=[POST]}" onto public com.zz.model.basic.model.Message com.zz.controller.system.MenuValueController.delete(java.lang.Long[])
2017-06-19 11:59:25.729  INFO 16092 --- [main] s.w.s.m.m.a.RequestMappingHandlerMapping : Mapped "{[/system/menuValue/list],methods=[GET]}" onto public java.lang.String com.zz.controller.system.MenuValueController.list(int,int,org.springframework.ui.ModelMap)
2017-06-19 11:59:25.729  INFO 16092 --- [main] s.w.s.m.m.a.RequestMappingHandlerMapping : Mapped "{[/system/menuValue/save],methods=[POST]}" onto public java.lang.String com.zz.controller.system.MenuValueController.save(com.zz.model.MenuValue,org.springframework.web.servlet.mvc.support.RedirectAttributes)
2017-06-19 11:59:25.729  INFO 16092 --- [main] s.w.s.m.m.a.RequestMappingHandlerMapping : Mapped "{[/system/menuValue/edit],methods=[GET]}" onto public java.lang.String com.zz.controller.system.MenuValueController.edit(java.lang.Long,org.springframework.ui.ModelMap)
2017-06-19 11:59:25.729  INFO 16092 --- [main] s.w.s.m.m.a.RequestMappingHandlerMapping : Mapped "{[/system/menuValue/exportImage]}" onto public void com.zz.controller.BaseController.exportImage(javax.servlet.http.HttpServletRequest,javax.servlet.http.HttpServletResponse) throws java.lang.Exception
2017-06-19 11:59:25.730  INFO 16092 --- [main] s.w.s.m.m.a.RequestMappingHandlerMapping : Mapped "{[/system/profile/update],methods=[POST]}" onto public java.lang.String com.zz.controller.system.ProfileController.update(java.lang.String,java.lang.String,java.lang.String,org.springframework.web.servlet.mvc.support.RedirectAttributes)
2017-06-19 11:59:25.730  INFO 16092 --- [main] s.w.s.m.m.a.RequestMappingHandlerMapping : Mapped "{[/system/profile/edit],methods=[GET]}" onto public java.lang.String com.zz.controller.system.ProfileController.edit(org.springframework.ui.ModelMap)
2017-06-19 11:59:25.730  INFO 16092 --- [main] s.w.s.m.m.a.RequestMappingHandlerMapping : Mapped "{[/system/profile/checkCurrentPassword],methods=[GET]}" onto public boolean com.zz.controller.system.ProfileController.checkCurrentPassword(java.lang.String)
2017-06-19 11:59:25.730  INFO 16092 --- [main] s.w.s.m.m.a.RequestMappingHandlerMapping : Mapped "{[/system/profile/exportImage]}" onto public void com.zz.controller.BaseController.exportImage(javax.servlet.http.HttpServletRequest,javax.servlet.http.HttpServletResponse) throws java.lang.Exception
2017-06-19 11:59:25.732  INFO 16092 --- [main] s.w.s.m.m.a.RequestMappingHandlerMapping : Mapped "{[/system/role/add],methods=[GET]}" onto public java.lang.String com.zz.controller.system.RoleController.add(org.springframework.ui.ModelMap)
2017-06-19 11:59:25.732  INFO 16092 --- [main] s.w.s.m.m.a.RequestMappingHandlerMapping : Mapped "{[/system/role/update],methods=[POST]}" onto public java.lang.String com.zz.controller.system.RoleController.update(com.zz.model.Role,java.lang.String,org.springframework.web.servlet.mvc.support.RedirectAttributes)
2017-06-19 11:59:25.732  INFO 16092 --- [main] s.w.s.m.m.a.RequestMappingHandlerMapping : Mapped "{[/system/role/delete],methods=[POST]}" onto public com.zz.model.basic.model.Message com.zz.controller.system.RoleController.delete(java.lang.Long[])
2017-06-19 11:59:25.733  INFO 16092 --- [main] s.w.s.m.m.a.RequestMappingHandlerMapping : Mapped "{[/system/role/list],methods=[GET]}" onto public java.lang.String com.zz.controller.system.RoleController.list(com.zz.util.Pageable,org.springframework.ui.ModelMap)
2017-06-19 11:59:25.733  INFO 16092 --- [main] s.w.s.m.m.a.RequestMappingHandlerMapping : Mapped "{[/system/role/save],methods=[POST]}" onto public java.lang.String com.zz.controller.system.RoleController.save(com.zz.model.Role,java.lang.String,org.springframework.web.servlet.mvc.support.RedirectAttributes)
2017-06-19 11:59:25.733  INFO 16092 --- [main] s.w.s.m.m.a.RequestMappingHandlerMapping : Mapped "{[/system/role/edit],methods=[GET]}" onto public java.lang.String com.zz.controller.system.RoleController.edit(java.lang.Long,org.springframework.ui.ModelMap)
2017-06-19 11:59:25.733  INFO 16092 --- [main] s.w.s.m.m.a.RequestMappingHandlerMapping : Mapped "{[/system/role/exportImage]}" onto public void com.zz.controller.BaseController.exportImage(javax.servlet.http.HttpServletRequest,javax.servlet.http.HttpServletResponse) throws java.lang.Exception
2017-06-19 11:59:25.735  INFO 16092 --- [main] s.w.s.m.m.a.RequestMappingHandlerMapping : Mapped "{[/error]}" onto public org.springframework.http.ResponseEntity<java.util.Map<java.lang.String, java.lang.Object>> org.springframework.boot.autoconfigure.web.BasicErrorController.error(javax.servlet.http.HttpServletRequest)
2017-06-19 11:59:25.735  INFO 16092 --- [main] s.w.s.m.m.a.RequestMappingHandlerMapping : Mapped "{[/error],produces=[text/html]}" onto public org.springframework.web.servlet.ModelAndView org.springframework.boot.autoconfigure.web.BasicErrorController.errorHtml(javax.servlet.http.HttpServletRequest,javax.servlet.http.HttpServletResponse)
2017-06-19 11:59:25.750  INFO 16092 --- [main] o.s.w.s.handler.SimpleUrlHandlerMapping  : Root mapping to handler of type [class org.springframework.web.servlet.mvc.ParameterizableViewController]
2017-06-19 11:59:25.768  INFO 16092 --- [main] o.s.w.s.handler.SimpleUrlHandlerMapping  : Mapped URL path [/webjars/**] onto handler of type [class org.springframework.web.servlet.resource.ResourceHttpRequestHandler]
2017-06-19 11:59:25.773  INFO 16092 --- [main] o.s.w.s.handler.SimpleUrlHandlerMapping  : Mapped URL path [/**] onto handler of type [class org.springframework.web.servlet.resource.ResourceHttpRequestHandler]
2017-06-19 11:59:25.914  INFO 16092 --- [main] o.s.w.s.handler.SimpleUrlHandlerMapping  : Mapped URL path [/**/favicon.ico] onto handler of type [class org.springframework.web.servlet.resource.ResourceHttpRequestHandler]
2017-06-19 11:59:26.342  INFO 16092 --- [main] o.s.s.c.ThreadPoolTaskScheduler          : Initializing ExecutorService  'taskScheduler'
2017-06-19 11:59:27.005  INFO 16092 --- [main] o.s.j.e.a.AnnotationMBeanExporter        : Registering beans for JMX exposure on startup
2017-06-19 11:59:27.007  INFO 16092 --- [main] o.s.j.e.a.AnnotationMBeanExporter        : Bean with name 'druidDataSource' has been autodetected for JMX exposure
2017-06-19 11:59:27.016  INFO 16092 --- [main] o.s.j.e.a.AnnotationMBeanExporter        : Located MBean 'druidDataSource': registering with JMX server as MBean [com.alibaba.druid.pool:name=druidDataSource,type=DruidDataSource]
2017-06-19 11:59:27.024  INFO 16092 --- [main] o.s.c.support.DefaultLifecycleProcessor  : Starting beans in phase 0
2017-06-19 11:59:27.025  INFO 16092 --- [main] o.s.i.endpoint.EventDrivenConsumer       : Adding {logging-channel-adapter:_org.springframework.integration.errorLogger} as a subscriber to the 'errorChannel' channel
2017-06-19 11:59:27.026  INFO 16092 --- [main] o.s.i.channel.PublishSubscribeChannel    : Channel 'application:80.errorChannel' has 1 subscriber(s).
2017-06-19 11:59:27.026  INFO 16092 --- [main] o.s.i.endpoint.EventDrivenConsumer       : started _org.springframework.integration.errorLogger
2017-06-19 11:59:27.218  INFO 16092 --- [main] s.b.c.e.t.TomcatEmbeddedServletContainer : Tomcat started on port(s): 80 (http)
2017-06-19 11:59:27.224  INFO 16092 --- [main] com.zz.AdminApplication                  : Started AdminApplication in 6.039 seconds (JVM running for 6.713)
2017-06-19 11:59:53.630  INFO 16092 --- [http-nio-80-exec-1] o.apache.tomcat.util.http.parser.Cookie  : A cookie header was received [1486371695; merchantUsername=15886554183; adminUsername=admin; JSESSIONID=E06B2292F9DC57002A191174B1573D2C] that contained an invalid cookie. That cookie will be ignored.Note: further occurrences of this error will be logged at DEBUG level.
2017-06-19 11:59:53.649  INFO 16092 --- [http-nio-80-exec-1] o.a.c.c.C.[Tomcat].[localhost].[/]       : Initializing Spring FrameworkServlet 'dispatcherServlet'
2017-06-19 11:59:53.650  INFO 16092 --- [http-nio-80-exec-1] o.s.web.servlet.DispatcherServlet        : FrameworkServlet 'dispatcherServlet': initialization started
2017-06-19 11:59:53.720  INFO 16092 --- [http-nio-80-exec-1] o.s.web.servlet.DispatcherServlet        : FrameworkServlet 'dispatcherServlet': initialization completed in 70 ms
2017-06-19 12:00:39.448  WARN 16092 --- [http-nio-80-exec-2] WARN                                     : Resolved exception caused by Handler execution: java.lang.NullPointerException
2017-06-19 12:00:45.078  INFO 16092 --- [RMI TCP Connection(8)-192.168.110.1] inMXBeanRegistrar$SpringApplicationAdmin : Application shutdown requested.
2017-06-19 12:00:45.078  INFO 16092 --- [RMI TCP Connection(8)-192.168.110.1] ationConfigEmbeddedWebApplicationContext : Closing org.springframework.boot.context.embedded.AnnotationConfigEmbeddedWebApplicationContext@5b8dfcc1: startup date [Mon Jun 19 11:59:21 CST 2017]; root of context hierarchy
2017-06-19 12:00:45.079  INFO 16092 --- [RMI TCP Connection(8)-192.168.110.1] o.s.c.support.DefaultLifecycleProcessor  : Stopping beans in phase 0
2017-06-19 12:00:45.080  INFO 16092 --- [RMI TCP Connection(8)-192.168.110.1] o.s.i.endpoint.EventDrivenConsumer       : Removing {logging-channel-adapter:_org.springframework.integration.errorLogger} as a subscriber to the 'errorChannel' channel
2017-06-19 12:00:45.080  INFO 16092 --- [RMI TCP Connection(8)-192.168.110.1] o.s.i.channel.PublishSubscribeChannel    : Channel 'application:80.errorChannel' has 0 subscriber(s).
2017-06-19 12:00:45.080  INFO 16092 --- [RMI TCP Connection(8)-192.168.110.1] o.s.i.endpoint.EventDrivenConsumer       : stopped _org.springframework.integration.errorLogger
2017-06-19 12:00:45.098  INFO 16092 --- [RMI TCP Connection(8)-192.168.110.1] o.s.s.c.ThreadPoolTaskScheduler          : Shutting down ExecutorService 'taskScheduler'
2017-06-19 12:00:45.099  INFO 16092 --- [RMI TCP Connection(8)-192.168.110.1] o.s.j.e.a.AnnotationMBeanExporter        : Unregistering JMX-exposed beans on shutdown
2017-06-19 12:00:45.099  INFO 16092 --- [RMI TCP Connection(8)-192.168.110.1] o.s.j.e.a.AnnotationMBeanExporter        : Unregistering JMX-exposed beans
2017-06-19 12:00:45.100  INFO 16092 --- [RMI TCP Connection(8)-192.168.110.1] o.s.s.concurrent.ThreadPoolTaskExecutor  : Shutting down ExecutorService 'threadPoolTaskExecutor'
2017-06-19 12:00:45.104  INFO 16092 --- [RMI TCP Connection(8)-192.168.110.1] com.alibaba.druid.pool.DruidDataSource   : {dataSource-1} closed
